Window will be a boring gray. Try adding call to change_look_and_feel('Dark Blue 3') before your layout definition
 If you seriously want this gray window and no more nagging, add  change_look_and_feel('DefaultNoMoreNagging') 
Token NjU3ODU3ODk0MDM2OTMwNTYx... Error: You need to verify your account in order to perform this action. (Code 40002)
Token NjU3ODU4NTAzNjU3OTE0MzY4... Error: You need to verify your account in order to perform this action. (Code 40002)
Token NjU3ODYyMDg4MzExNzAxNTE0... Error: You need to verify your account in order to perform this action. (Code 40002)
Token NjU3ODYzMDg2NzgyMjgzNzc3... Error: You need to verify your account in order to perform this action. (Code 40002)
Token NjYyNDAyMzQyMzM5MDg0MzAz... Error: You need to verify your account in order to perform this action. (Code 40002)
Token NjYyNDAyNjcxMTk3NTUyNjQw... Error: You need to verify your account in order to perform this action. (Code 40002)
Token NjYyNDAzNzM2MDA1NjQwMjMz... Error: You need to verify your account in order to perform this action. (Code 40002)
Token NjYyNDA0MTUyNzE4MTMxMjIx... Error: You need to verify your account in order to perform this action. (Code 40002)
Token NjYyNDE2MDEyNzcxMDY1ODY5... Error: You need to verify your account in order to perform this action. (Code 40002)
Token NjYyNDE2NzA0OTI3OTU3MDA1... Error: You need to verify your account in order to perform this action. (Code 40002)
Token NjYyNDE3MjY3MTYxNTYzMTU4... Error: You need to verify your account in order to perform this action. (Code 40002)
Token NjYzNDMwMDMwNTcwODE1NTEx... Error: You need to verify your account in order to perform this action. (Code 40002)
Token NjYzNDMwNDE3ODU2MzMxNzc2... Error: You need to verify your account in order to perform this action. (Code 40002)
Token NjYzNDMxMTU5MzQyMDM5MDQx... Error: You need to verify your account in order to perform this action. (Code 40002)
Token NjYzNDMyNTQzMjE4OTU4Mzc4... Error: You need to verify your account in order to perform this action. (Code 40002)
Token NjYzNDMzMjM1NTQ3ODE1OTc2... Error: You need to verify your account in order to perform this action. (Code 40002)
Token NjYzNDQ0MjYzNzE0OTQ3MDc4... Error: You need to verify your account in order to perform this action. (Code 40002)
Token NjYzNDQ2NDYyODkzNTIyOTQ1... Error: You need to verify your account in order to perform this action. (Code 40002)
Token NjYzNDQ3MTE2NzM1MDUzODM2... Error: You need to verify your account in order to perform this action. (Code 40002)
Token NjYzNDQ3NzYxMzM2Nzk1MTY4... Error: You need to verify your account in order to perform this action. (Code 40002)
Token NjYzNDUzNTA5MTk0MjE5NTUw... Error: You need to verify your account in order to perform this action. (Code 40002)
Token NjYzNDU1NTAwNDczNzI5MDI1... Error: You need to verify your account in order to perform this action. (Code 40002)
Token NjYzODM1NjQ1MjkwMDg2NDAw... Error: You need to verify your account in order to perform this action. (Code 40002)
Token NjY0MTY2NzIzMDAzNjEzMTk0... Error: You need to verify your account in order to perform this action. (Code 40002)
Token NjY0MTY3MjI3NDMxNDUyNjky... Error: You need to verify your account in order to perform this action. (Code 40002)
Token NjY0MTY3ODc4MTMxNTgwOTgw... Error: You need to verify your account in order to perform this action. (Code 40002)
Token NjY0MTcxNDA3MjMxNjgwNTMz... Error: You need to verify your account in order to perform this action. (Code 40002)
Token NjY0MTcxOTY0MjY0NDgwNzkz... Error: You need to verify your account in order to perform this action. (Code 40002)
Token NjY1MTY5OTcwMDE5MTcyMzUy... Error: You need to verify your account in order to perform this action. (Code 40002)
Token NjY1MTcwMzUwNDE3NTEwNDIw... Error: You need to verify your account in order to perform this action. (Code 40002)
Token NjY1MTcxMDA0OTUxMzYzNjA0... Error: You need to verify your account in order to perform this action. (Code 40002)
Token NjY1NDcxMjA5MTE0MzA0NTEy... Error: You need to verify your account in order to perform this action. (Code 40002)
MjgzNzc3... Error: You need to verify your account in order to perform this action. (Code 40002)
Token NjU3ODU4NTAzNjU3OTE0MzY4... Error: You need to verify your account in order to perform this action. (Code 40002)
Token NjYzNDU1NTAwNDczNzI5MDI1... Error: You need to verify your account in order to perform this action. (Code 40002)
Token NjYzNDQ0MjYzNzE0OTQ3MDc4... Error: You need to verify your account in order to perform this action. (Code 40002)
Window will be a boring gray. Try adding call to change_look_and_feel('Dark Blue 3') before your layout definition
 If you seriously want this gray window and no more nagging, add  change_look_and_feel('DefaultNoMoreNagging') 
Window will be a boring gray. Try adding call to change_look_and_feel('Dark Blue 3') before your layout definition
 If you seriously want this gray window and no more nagging, add  change_look_and_feel('DefaultNoMoreNagging') 
Token NjYzNDMwNDE3ODU2MzMxNzc2... Error: You need to verify your account in order to perform this action. (Code 40002)
Token NjU3ODYyMDg4MzExNzAxNTE0... Error: You need to verify your account in order to perform this action. (Code 40002)
Token NjYyNDE2MDEyNzcxMDY1ODY5... Error: You need to verify your account in order to perform this action. (Code 40002)
Token NjYyNDAyNjcxMTk3NTUyNjQw... Error: You need to verify your account in order to perform this action. (Code 40002)
Token NjYzNDMwMDMwNTcwODE1NTEx... Error: You need to verify your account in order to perform this action. (Code 40002)
Token NjU3ODYzMDg2NzgyMjgzNzc3... Error: You need to verify your account in order to perform this action. (Code 40002)
Token NjU3ODU3ODk0MDM2OTMwNTYx... Error: You need to verify your account in order to perform this action. (Code 40002)
Token NjYzODM1NjQ1MjkwMDg2NDAw... Error: You need to verify your account in order to perform this action. (Code 40002)
Token NjYyNDA0MTUyNzE4MTMxMjIx... Error: You need to verify your account in order to perform this action. (Code 40002)
Token NjYzNDQ0MjYzNzE0OTQ3MDc4... Error: You need to verify your account in order to perform this action. (Code 40002)
Token NjY1NDcxMjA5MTE0MzA0NTEy... Error: You need to verify your account in order to perform this action. (Code 40002)
Token NjY0MTY3ODc4MTMxNTgwOTgw... Error: You need to verify your account in order to perform this action. (Code 40002)
Token NjYzNDQ2NDYyODkzNTIyOTQ1... Error: You need to verify your account in order to perform this action. (Code 40002)
Token NjYzNDU1NTAwNDczNzI5MDI1... Error: You need to verify your account in order to perform this action. (Code 40002)
Token NjYyNDAyMzQyMzM5MDg0MzAz... Error: You need to verify your account in order to perform this action. (Code 40002)
Token NjYzNDMyNTQzMjE4OTU4Mzc4... Error: You need to verify your account in order to perform this action. (Code 40002)
Token NjYyNDE3MjY3MTYxNTYzMTU4... Error: You need to verify your account in order to perform this action. (Code 40002)
Token NjYzNDMxMTU5MzQyMDM5MDQx... Error: You need to verify your account in order to perform this action. (Code 40002)
Token NjYzNDQ3MTE2NzM1MDUzODM2... Error: You need to verify your account in order to perform this action. (Code 40002)
Token NjYyNDE2NzA0OTI3OTU3MDA1... Error: You need to verify your account in order to perform this action. (Code 40002)
Token NjYyNDAzNzM2MDA1NjQwMjMz... Error: You need to verify your account in order to perform this action. (Code 40002)
Token NjY1MTY5OTcwMDE5MTcyMzUy... Error: You need to verify your account in order to perform this action. (Code 40002)
Token NjYzNDMzMjM1NTQ3ODE1OTc2... Error: You need to verify your account in order to perform this action. (Code 40002)
Token NjYzNDQ3NzYxMzM2Nzk1MTY4... Error: You need to verify your account in order to perform this action. (Code 40002)
Token NjY0MTY2NzIzMDAzNjEzMTk0... Error: You need to verify your account in order to perform this action. (Code 40002)
Token NjY1MTcwMzUwNDE3NTEwNDIw... Error: You need to verify your account in order to perform this action. (Code 40002)
Token NjYzNDUzNTA5MTk0MjE5NTUw... Error: You need to verify your account in order to perform this action. (Code 40002)
Token NjU3ODU4NTAzNjU3OTE0MzY4... Error: You need to verify your account in order to perform this action. (Code 40002)
Token NjY0MTY3MjI3NDMxNDUyNjky... Error: You need to verify your account in order to perform this action. (Code 40002)
Token NjY0MTcxNDA3MjMxNjgwNTMz... Error: You need to verify your account in order to perform this action. (Code 40002)
Token NjY0MTcxOTY0MjY0NDgwNzkz... Error: You need to verify your account in order to perform this action. (Code 40002)
Token NjY1MTcxMDA0OTUxMzYzNjA0... Error: You need to verify your account in order to perform this action. (Code 40002)
Window will be a boring gray. Try adding call to change_look_and_feel('Dark Blue 3') before your layout definition
 If you seriously want this gray window and no more nagging, add  change_look_and_feel('DefaultNoMoreNagging') 
Window will be a boring gray. Try adding call to change_look_and_feel('Dark Blue 3') before your layout definition
 If you seriously want this gray window and no more nagging, add  change_look_and_feel('DefaultNoMoreNagging') 
Traceback (most recent call last):
  File "RTBFiles/attack_controller.py", line 552, in <module>
    time.sleep(int(delay))
ValueError: invalid literal for int() with base 10: ''
Token NjU3ODU3ODk0MDM2OTMwNTYx... Error: You need to verify your account in order to perform this action. (Code 40002)
Window will be a boring gray. Try adding call to change_look_and_feel('Dark Blue 3') before your layout definition
 If you seriously want this gray window and no more nagging, add  change_look_and_feel('DefaultNoMoreNagging') 
Window will be a boring gray. Try adding call to change_look_and_feel('Dark Blue 3') before your layout definition
 If you seriously want this gray window and no more nagging, add  change_look_and_feel('DefaultNoMoreNagging') 
Token NjU3ODU3ODk0MDM2OTMwNTYx... Error: You need to verify your account in order to perform this action. (Code 40002)
Token NjU3ODU4NTAzNjU3OTE0MzY4... Error: You need to verify your account in order to perform this action. (Code 40002)
Token NjU3ODYyMDg4MzExNzAxNTE0... Error: You need to verify your account in order to perform this action. (Code 40002)
Token NjU3ODYzMDg2NzgyMjgzNzc3... Error: You need to verify your account in order to perform this action. (Code 40002)
Token NjYyNDAyMzQyMzM5MDg0MzAz... Error: You need to verify your account in order to perform this action. (Code 40002)
Token NjYyNDAyNjcxMTk3NTUyNjQw... Error: You need to verify your account in order to perform this action. (Code 40002)
Token NjYyNDAzNzM2MDA1NjQwMjMz... Error: You need to verify your account in order to perform this action. (Code 40002)
Token NjYyNDA0MTUyNzE4MTMxMjIx... Error: You need to verify your account in order to perform this action. (Code 40002)
Token NjYyNDE2MDEyNzcxMDY1ODY5... Error: You need to verify your account in order to perform this action. (Code 40002)
Token NjYyNDE2NzA0OTI3OTU3MDA1... Error: You need to verify your account in order to perform this action. (Code 40002)
Window will be a boring gray. Try adding call to change_look_and_feel('Dark Blue 3') before your layout definition
 If you seriously want this gray window and no more nagging, add  change_look_and_feel('DefaultNoMoreNagging') 
Token NjU3ODYzMDg2NzgyMjgzNzc3... Error: You need to verify your account in order to perform this action. (Code 40002)
Token NjYzNDMxMTU5MzQyMDM5MDQx... Error: You need to verify your account in order to perform this action. (Code 40002)
Token NjU3ODU4NTAzNjU3OTE0MzY4... Error: You need to verify your account in order to perform this action. (Code 40002)
Token NjYyNDA0MTUyNzE4MTMxMjIx... Error: You need to verify your account in order to perform this action. (Code 40002)
Token NjU3ODU3ODk0MDM2OTMwNTYx... Error: You need to verify your account in order to perform this action. (Code 40002)
Token NjYyNDE3MjY3MTYxNTYzMTU4... Error: You need to verify your account in order to perform this action. (Code 40002)
Token NjYzNDMzMjM1NTQ3ODE1OTc2... Error: You need to verify your account in order to perform this action. (Code 40002)
Token NjYyNDAzNzM2MDA1NjQwMjMz... Error: You need to verify your account in order to perform this action. (Code 40002)
Token NjYyNDE2MDEyNzcxMDY1ODY5... Error: You need to verify your account in order to perform this action. (Code 40002)
Token NjYyNDAyMzQyMzM5MDg0MzAz... Error: You need to verify your account in order to perform this action. (Code 40002)
Token NjU3ODYyMDg4MzExNzAxNTE0... Error: You need to verify your account in order to perform this action. (Code 40002)
Token NjYzNDQ0MjYzNzE0OTQ3MDc4... Error: You need to verify your account in order to perform this action. (Code 40002)
Token NjYzNDMyNTQzMjE4OTU4Mzc4... Error: You need to verify your account in order to perform this action. (Code 40002)
Token NjYzNDU1NTAwNDczNzI5MDI1... Error: You need to verify your account in order to perform this action. (Code 40002)
Token NjYzNDMwNDE3ODU2MzMxNzc2... Error: You need to verify your account in order to perform this action. (Code 40002)
Token NjY1MTY5OTcwMDE5MTcyMzUy... Error: You need to verify your account in order to perform this action. (Code 40002)
Token NjY0MTcxNDA3MjMxNjgwNTMz... Error: You need to verify your account in order to perform this action. (Code 40002)
Token NjYzNDMwMDMwNTcwODE1NTEx... Error: You need to verify your account in order to perform this action. (Code 40002)
Token NjY0MTY3MjI3NDMxNDUyNjky... Error: You need to verify your account in order to perform this action. (Code 40002)
Token NjY0MTcxOTY0MjY0NDgwNzkz... Error: You need to verify your account in order to perform this action. (Code 40002)
Token NjYzNDQ3NzYxMzM2Nzk1MTY4... Error: You need to verify your account in order to perform this action. (Code 40002)
Token NjY1MTcwMzUwNDE3NTEwNDIw... Error: You need to verify your account in order to perform this action. (Code 40002)
Token NjYyNDAyNjcxMTk3NTUyNjQw... Error: You need to verify your account in order to perform this action. (Code 40002)
Token NjYyNDE2NzA0OTI3OTU3MDA1... Error: You need to verify your account in order to perform this action. (Code 40002)
Token NjY0MTY2NzIzMDAzNjEzMTk0... Error: You need to verify your account in order to perform this action. (Code 40002)
Token NjY1NDcxMjA5MTE0MzA0NTEy... Error: You need to verify your account in order to perform this action. (Code 40002)
Token NjYzNDUzNTA5MTk0MjE5NTUw... Error: You need to verify your account in order to perform this action. (Code 40002)
Token NjY0MTY3ODc4MTMxNTgwOTgw... Error: You need to verify your account in order to perform this action. (Code 40002)
Token NjYzNDQ2NDYyODkzNTIyOTQ1... Error: You need to verify your account in order to perform this action. (Code 40002)
Token NjY1MTcxMDA0OTUxMzYzNjA0... Error: You need to verify your account in order to perform this action. (Code 40002)
Token NjYzNDQ3MTE2NzM1MDUzODM2... Error: You need to verify your account in order to perform this action. (Code 40002)
Token NjYzODM1NjQ1MjkwMDg2NDAw... Error: You need to verify your account in order to perform this action. (Code 40002)
